{"name": "test_buttons", "status": "failed", "statusDetails": {"message": "AssertionError: assert 'https://stackoverflow.com/' == 'https://stac...rflow.com/123'\n  - https://stackoverflow.com/123\n  ?                           ---\n  + https://stackoverflow.com/", "trace": "self = <check_left_bt.Check_left_buttons testMethod=test_buttons>\n\n    def test_buttons(self):\n        driver = webdriver.Chrome('/home/bk-trainee/projects/pytest_allure/chromedriver')\n        wait = WebDriverWait(driver, 5)\n    \n        self.driver = driver\n        self.wait = wait\n        self.start_url = \"https://stackoverflow.com/questions\"\n    \n        self.launch_site()\n>       self.click_button(\n            '#left-sidebar > div.left-sidebar--sticky-container.js-sticky-leftnav > nav > ol > li:nth-child(1) > a',\n            next_url='https://stackoverflow.com/',\n            bt_name='Home'\n        )\n\nsrc/tests/check_left_bt.py:23: \n_ _ _ _ _ _ _ _ _ _ _ _ _ _ _ _ _ _ _ _ _ _ _ _ _ _ _ _ _ _ _ _ _ _ _ _ _ _ _ _ _ _ _ _ _ _ _ _ _ _ _ _ _ _ _ _ _ _ _ _ _ _ _ _ _ _ _ _ _ _ _ _ _ _ _ _ _ _ _ _ _ _ _ _ _ _ _ _\n\nself = <check_left_bt.Check_left_buttons testMethod=test_buttons>\ncss = '#left-sidebar > div.left-sidebar--sticky-container.js-sticky-leftnav > nav > ol > li:nth-child(1) > a', next_url = 'https://stackoverflow.com/', bt_name = 'Home'\n\n    @unittest.expectedFailure\n    def click_button(self, css, next_url, bt_name=''):\n        step_name = 'Verify button'\n        if bt_name:\n            step_name += f' \"{bt_name.strip()}\"'\n        with allure.step(step_name):\n            bt = self.wait.until(EC.visibility_of_element_located((\n                By.CSS_SELECTOR,\n                css\n            )))\n    \n        step_name = 'Clicking to button'\n        if bt_name:\n            step_name += f' \"{bt_name.strip()}\"'\n        with allure.step(step_name):\n            bt.click()\n            self.wait.until(EC.url_matches(next_url))\n>       assert self.driver.current_url == next_url + '123'\nE       AssertionError: assert 'https://stackoverflow.com/' == 'https://stac...rflow.com/123'\nE         - https://stackoverflow.com/123\nE         ?                           ---\nE         + https://stackoverflow.com/\n\nsrc/tests/check_left_bt.py:92: AssertionError"}, "steps": [{"name": "Launch site", "status": "passed", "start": 1615893302869, "stop": 1615893303800}, {"name": "Verify button \"Home\"", "status": "passed", "start": 1615893303800, "stop": 1615893303821}, {"name": "Clicking to button \"Home\"", "status": "passed", "start": 1615893303821, "stop": 1615893304394}], "start": 1615893301597, "stop": 1615893304397, "uuid": "2338e707-05ff-426d-93ca-72f183ab0ea2", "historyId": "adaf378ac4e53bee78a5126c6ec37893", "testCaseId": "b8654c23a8f6dbca864e7f18f11d348e", "fullName": "src.tests.check_left_bt.Check_left_buttons#test_buttons", "labels": [{"name": "feature", "value": "Your Feature here"}, {"name": "story", "value": "Your Story here"}, {"name": "parentSuite", "value": "src.tests"}, {"name": "suite", "value": "check_left_bt"}, {"name": "subSuite", "value": "Check_left_buttons"}, {"name": "host", "value": "bktrainee"}, {"name": "thread", "value": "50550-MainThread"}, {"name": "framework", "value": "pytest"}, {"name": "language", "value": "cpython3"}, {"name": "package", "value": "src.tests.check_left_bt"}]}